<?xml version="1.0" encoding="UTF-8"?>
<!-- Generated by org.testng.reporters.JUnitReportReporter -->
<testsuite hostname="DESKTOP-FUG0H6V" failures="0" tests="1" name="org.vtiger.campagianText.campaign" time="24.979" errors="0" timestamp="2022-06-20T22:58:37 IST" skipped="0">
  <testcase classname="org.vtiger.campagianText.campaign" name="Campaign" time="24.979"/>
  <system-out/>
</testsuite> <!-- org.vtiger.campagianText.campaign -->
