<?xml version="1.0" encoding="UTF-8"?>
<!-- Generated by org.testng.reporters.JUnitReportReporter -->
<testsuite hostname="DESKTOP-FUG0H6V" failures="0" tests="1" name="org.tyss.Campaign.CreateCampaignsTest" time="33.384" errors="0" timestamp="2022-07-27T22:47:03 IST" skipped="0">
  <testcase classname="org.tyss.Campaign.CreateCampaignsTest" name="createCampaignsTest" time="33.384"/>
  <system-out/>
</testsuite> <!-- org.tyss.Campaign.CreateCampaignsTest -->
