<?xml version="1.0" encoding="UTF-8"?>
<!-- Generated by org.testng.reporters.JUnitReportReporter -->
<testsuite hostname="DESKTOP-FUG0H6V" failures="0" tests="1" name="Practice2.Flipkart" time="30.831" errors="0" timestamp="2023-01-02T19:55:26 IST" skipped="0">
  <testcase classname="Practice2.Flipkart" name="Flipkartdemo" time="30.831"/>
  <system-out/>
</testsuite> <!-- Practice2.Flipkart -->
