<?xml version="1.0" encoding="UTF-8"?>
<!-- Generated by org.testng.reporters.JUnitReportReporter -->
<testsuite hostname="DESKTOP-FUG0H6V" failures="0" tests="1" name="Practice2.actitime" time="19.721" errors="0" timestamp="2023-01-21T17:16:40 IST" skipped="0">
  <testcase classname="Practice2.actitime" name="demo" time="19.721"/>
  <system-out/>
</testsuite> <!-- Practice2.actitime -->
