<?xml version="1.0" encoding="UTF-8"?>
<!-- Generated by org.testng.reporters.JUnitReportReporter -->
<testsuite hostname="DESKTOP-FUG0H6V" failures="0" tests="2" name="org.tyss.Contact.CreateContactsTest" time="55.298" errors="0" timestamp="2022-07-16T15:20:19 IST" skipped="0">
  <testcase classname="org.tyss.Contact.CreateContactsTest" name="createContactTest" time="28.378"/>
  <system-out/>
  <testcase classname="org.tyss.Contact.CreateContactsTest" name="createContactTest" time="26.920"/>
  <system-out/>
</testsuite> <!-- org.tyss.Contact.CreateContactsTest -->
