<?xml version="1.0" encoding="UTF-8"?>
<!-- Generated by org.testng.reporters.JUnitReportReporter -->
<testsuite hostname="DESKTOP-FUG0H6V" failures="0" tests="1" name="org.vtiger.contactsText.newContact" time="25.491" errors="0" timestamp="2022-06-20T21:23:11 IST" skipped="0">
  <testcase classname="org.vtiger.contactsText.newContact" name="Contacts" time="25.491"/>
  <system-out/>
</testsuite> <!-- org.vtiger.contactsText.newContact -->
