<?xml version="1.0" encoding="UTF-8"?>
<!-- Generated by org.testng.reporters.JUnitReportReporter -->
<testsuite hostname="DESKTOP-FUG0H6V" failures="0" tests="14" name="demotesting" time="0.041" errors="0" timestamp="2022-12-02T13:02:36 IST" skipped="0">
  <testcase classname="demotesting" name="Modifyuser" time="0.002"/>
  <system-out/>
  <testcase classname="demotesting" name="Deleteuser" time="0.006"/>
  <system-out/>
  <testcase classname="demotesting" name="SignIn" time="0.001"/>
  <system-out/>
  <testcase classname="demotesting" name="Createuser" time="0.001"/>
  <system-out/>
  <testcase classname="demotesting" name="Createuser" time="0.001"/>
  <system-out/>
  <testcase classname="demotesting" name="Createuser" time="0.002"/>
  <system-out/>
  <testcase classname="demotesting" name="SignUp" time="0.001"/>
  <system-out/>
  <testcase classname="demotesting" name="Createuser" time="0.010"/>
  <system-out/>
  <testcase classname="demotesting" name="Createuser" time="0.002"/>
  <system-out/>
  <testcase classname="demotesting" name="Createuser" time="0.002"/>
  <system-out/>
  <testcase classname="demotesting" name="Createuser" time="0.002"/>
  <system-out/>
  <testcase classname="demotesting" name="Createuser" time="0.002"/>
  <system-out/>
  <testcase classname="demotesting" name="Createuser" time="0.007"/>
  <system-out/>
  <testcase classname="demotesting" name="Createuser" time="0.002"/>
  <system-out/>
</testsuite> <!-- demotesting -->
