<?xml version="1.0" encoding="UTF-8"?>
<!-- Generated by org.testng.reporters.JUnitReportReporter -->
<testsuite hostname="DESKTOP-FUG0H6V" failures="0" tests="1" name="org.tyss.Practice.createcustomer" time="14.025" errors="0" timestamp="2022-12-02T12:32:27 IST" skipped="0">
  <testcase classname="org.tyss.Practice.createcustomer" name="createCustomer" time="14.025"/>
  <system-out/>
</testsuite> <!-- org.tyss.Practice.createcustomer -->
