<?xml version="1.0" encoding="UTF-8"?>
<!-- Generated by org.testng.reporters.JUnitReportReporter -->
<testsuite hostname="DESKTOP-FUG0H6V" failures="0" tests="2" name="Practice2.Amazon" time="18.007" errors="0" timestamp="2022-12-08T16:59:55 IST" skipped="0">
  <testcase classname="Practice2.Amazon" name="Amazondemo" time="9.920"/>
  <system-out/>
  <testcase classname="Practice2.Amazon" name="Amazondemo" time="8.087"/>
  <system-out/>
</testsuite> <!-- Practice2.Amazon -->
