<?xml version="1.0" encoding="UTF-8"?>
<!-- Generated by org.testng.reporters.JUnitReportReporter -->
<testsuite hostname="DESKTOP-FUG0H6V" failures="0" tests="1" name="org.tyss.Organization.CreateContactWithOrganizationTest" time="30.722" errors="0" timestamp="2022-07-14T22:35:45 IST" skipped="0">
  <testcase classname="org.tyss.Organization.CreateContactWithOrganizationTest" name="createContactwithOrganizationTest" time="30.722"/>
  <system-out/>
</testsuite> <!-- org.tyss.Organization.CreateContactWithOrganizationTest -->
