<?xml version="1.0" encoding="UTF-8"?>
<!-- Generated by org.testng.reporters.JUnitReportReporter -->
<testsuite hostname="DESKTOP-FUG0H6V" failures="0" tests="2" name="org.tyss.Products.CreateProductTest" time="51.013" errors="0" timestamp="2022-07-27T23:40:16 IST" skipped="0">
  <testcase classname="org.tyss.Products.CreateProductTest" name="createProductTest" time="21.746"/>
  <system-out/>
  <testcase classname="org.tyss.Products.CreateProductTest" name="createProductTest" time="29.267"/>
  <system-out/>
</testsuite> <!-- org.tyss.Products.CreateProductTest -->
