<?xml version="1.0" encoding="UTF-8"?>
<!-- Generated by org.testng.reporters.JUnitReportReporter -->
<testsuite hostname="DESKTOP-FUG0H6V" failures="0" tests="1" name="Practice2.CreateContact" time="15.395" errors="0" timestamp="2023-01-11T23:00:35 IST" skipped="0">
  <testcase classname="Practice2.CreateContact" name="Contact" time="15.395"/>
  <system-out/>
</testsuite> <!-- Practice2.CreateContact -->
